Build started 11/22/2016 10:31:35 PM.
     1>Project "c:\Users\kamrul hasan\documents\visual studio 2013\Projects\Solar_System_project\Solar_System_project\Solar_System_project.vcxproj" on node 2 (Build target(s)).
     1>ClCompile:
         C:\Program Files (x86)\Microsoft Visual Studio 12.0\VC\bin\CL.exe /c /I"E:\MY COURSES\COURSES\Computer Graphics\LAB\opengl\freeglut\include" /I"E:\MY COURSES\COURSES\Computer Graphics\LAB\opengl\glew-1.11.0\include" /ZI /nologo /W3 /WX- /sdl /Od /Oy- /D _MBCS /Gm /EHsc /RTC1 /MDd /GS /fp:precise /Zc:wchar_t /Zc:forScope /Fo"Debug\\" /Fd"Debug\vc120.pdb" /Gd /TP /analyze- /errorReport:prompt Main.cpp
         Main.cpp
     1>c:\users\kamrul hasan\documents\visual studio 2013\projects\solar_system_project\solar_system_project\main.cpp(12): warning C4244: 'initializing' : conversion from 'double' to 'float', possible loss of data
     1>c:\users\kamrul hasan\documents\visual studio 2013\projects\solar_system_project\solar_system_project\main.cpp(44): warning C4244: 'initializing' : conversion from 'double' to 'float', possible loss of data
     1>c:\users\kamrul hasan\documents\visual studio 2013\projects\solar_system_project\solar_system_project\main.cpp(46): warning C4244: 'argument' : conversion from 'double' to 'GLfloat', possible loss of data
     1>c:\users\kamrul hasan\documents\visual studio 2013\projects\solar_system_project\solar_system_project\main.cpp(47): warning C4244: 'argument' : conversion from 'double' to 'GLfloat', possible loss of data
     1>c:\users\kamrul hasan\documents\visual studio 2013\projects\solar_system_project\solar_system_project\main.cpp(48): warning C4244: 'argument' : conversion from 'double' to 'GLfloat', possible loss of data
     1>c:\users\kamrul hasan\documents\visual studio 2013\projects\solar_system_project\solar_system_project\main.cpp(49): warning C4244: 'argument' : conversion from 'double' to 'GLfloat', possible loss of data
     1>c:\users\kamrul hasan\documents\visual studio 2013\projects\solar_system_project\solar_system_project\main.cpp(50): warning C4244: 'argument' : conversion from 'double' to 'GLfloat', possible loss of data
     1>c:\users\kamrul hasan\documents\visual studio 2013\projects\solar_system_project\solar_system_project\main.cpp(51): warning C4244: 'argument' : conversion from 'double' to 'GLfloat', possible loss of data
     1>c:\users\kamrul hasan\documents\visual studio 2013\projects\solar_system_project\solar_system_project\main.cpp(52): warning C4244: 'argument' : conversion from 'double' to 'GLfloat', possible loss of data
     1>c:\users\kamrul hasan\documents\visual studio 2013\projects\solar_system_project\solar_system_project\main.cpp(53): warning C4244: 'argument' : conversion from 'double' to 'GLfloat', possible loss of data
     1>c:\users\kamrul hasan\documents\visual studio 2013\projects\solar_system_project\solar_system_project\main.cpp(54): warning C4244: 'argument' : conversion from 'double' to 'GLfloat', possible loss of data
     1>c:\users\kamrul hasan\documents\visual studio 2013\projects\solar_system_project\solar_system_project\main.cpp(55): warning C4244: 'argument' : conversion from 'double' to 'GLfloat', possible loss of data
     1>c:\users\kamrul hasan\documents\visual studio 2013\projects\solar_system_project\solar_system_project\main.cpp(56): warning C4244: 'argument' : conversion from 'double' to 'GLfloat', possible loss of data
     1>c:\users\kamrul hasan\documents\visual studio 2013\projects\solar_system_project\solar_system_project\main.cpp(57): warning C4244: 'argument' : conversion from 'double' to 'GLfloat', possible loss of data
     1>c:\users\kamrul hasan\documents\visual studio 2013\projects\solar_system_project\solar_system_project\main.cpp(108): warning C4305: 'argument' : truncation from 'double' to 'GLfloat'
     1>c:\users\kamrul hasan\documents\visual studio 2013\projects\solar_system_project\solar_system_project\main.cpp(200): warning C4305: 'argument' : truncation from 'double' to 'GLfloat'
     1>c:\users\kamrul hasan\documents\visual studio 2013\projects\solar_system_project\solar_system_project\main.cpp(257): warning C4305: '+=' : truncation from 'double' to 'float'
     1>c:\users\kamrul hasan\documents\visual studio 2013\projects\solar_system_project\solar_system_project\main.cpp(261): warning C4305: '+=' : truncation from 'double' to 'float'
     1>c:\users\kamrul hasan\documents\visual studio 2013\projects\solar_system_project\solar_system_project\main.cpp(266): warning C4305: '+=' : truncation from 'double' to 'float'
     1>c:\users\kamrul hasan\documents\visual studio 2013\projects\solar_system_project\solar_system_project\main.cpp(271): warning C4305: '+=' : truncation from 'double' to 'float'
     1>c:\users\kamrul hasan\documents\visual studio 2013\projects\solar_system_project\solar_system_project\main.cpp(277): warning C4305: '+=' : truncation from 'double' to 'float'
     1>c:\users\kamrul hasan\documents\visual studio 2013\projects\solar_system_project\solar_system_project\main.cpp(282): warning C4305: '+=' : truncation from 'double' to 'float'
     1>c:\users\kamrul hasan\documents\visual studio 2013\projects\solar_system_project\solar_system_project\main.cpp(287): warning C4305: '+=' : truncation from 'double' to 'float'
     1>c:\users\kamrul hasan\documents\visual studio 2013\projects\solar_system_project\solar_system_project\main.cpp(292): warning C4305: '+=' : truncation from 'double' to 'float'
     1>c:\users\kamrul hasan\documents\visual studio 2013\projects\solar_system_project\solar_system_project\main.cpp(297): warning C4305: '+=' : truncation from 'double' to 'float'
     1>c:\users\kamrul hasan\documents\visual studio 2013\projects\solar_system_project\solar_system_project\main.cpp(311): warning C4305: 'initializing' : truncation from 'double' to 'GLfloat'
       Link:
         C:\Program Files (x86)\Microsoft Visual Studio 12.0\VC\bin\link.exe /ERRORREPORT:PROMPT /OUT:"c:\users\kamrul hasan\documents\visual studio 2013\Projects\Solar_System_project\Debug\Solar_System_project.exe" /INCREMENTAL /NOLOGO /LIBPATH:"E:\MY COURSES\COURSES\Computer Graphics\LAB\opengl\freeglut\lib" /LIBPATH:"E:\MY COURSES\COURSES\Computer Graphics\LAB\opengl\glew-1.11.0\lib" freeglut.lib glew32.lib kernel32.lib user32.lib gdi32.lib winspool.lib comdlg32.lib advapi32.lib shell32.lib ole32.lib oleaut32.lib uuid.lib odbc32.lib odbccp32.lib /MANIFEST /MANIFESTUAC:"level='asInvoker' uiAccess='false'" /manifest:embed /DEBUG /PDB:"c:\users\kamrul hasan\documents\visual studio 2013\Projects\Solar_System_project\Debug\Solar_System_project.pdb" /TLBID:1 /DYNAMICBASE /NXCOMPAT /IMPLIB:"c:\users\kamrul hasan\documents\visual studio 2013\Projects\Solar_System_project\Debug\Solar_System_project.lib" /MACHINE:X86 Debug\Main.obj
         Solar_System_project.vcxproj -> c:\users\kamrul hasan\documents\visual studio 2013\Projects\Solar_System_project\Debug\Solar_System_project.exe
     1>Done Building Project "c:\Users\kamrul hasan\documents\visual studio 2013\Projects\Solar_System_project\Solar_System_project\Solar_System_project.vcxproj" (Build target(s)).

Build succeeded.

Time Elapsed 00:00:02.52
